<?xml version="1.0" encoding="UTF-8"?>
<!-- Generated by org.testng.reporters.JUnitReportReporter -->
<testsuite skipped="0" hostname="ip-172-31-38-191" name="testcases.createUser" tests="1" failures="0" timestamp="2021-06-02T16:22:19 UTC" time="8.302" errors="0">
  <testcase name="test_Create_User_Correct" time="8.302" classname="testcases.createUser"/>
  <system-out/>
</testsuite> <!-- testcases.createUser -->
