<?xml version="1.0" encoding="UTF-8"?>
<!-- Generated by org.testng.reporters.JUnitReportReporter -->
<testsuite skipped="0" hostname="ip-172-31-38-191" name="com.testcases.testLogin" tests="2" failures="0" timestamp="2021-06-06T18:09:35 UTC" time="6.543" errors="0">
  <testcase name="test_Home_Page_User_Correct" time="3.141" classname="com.testcases.testLogin"/>
  <system-out/>
  <testcase name="test_Home_Page_AdminUser_Correct" time="3.402" classname="com.testcases.testLogin"/>
  <system-out/>
</testsuite> <!-- com.testcases.testLogin -->
