<?xml version="1.0" encoding="UTF-8"?>
<!-- Generated by org.testng.reporters.JUnitReportReporter -->
<testsuite skipped="0" hostname="ip-172-31-38-191" name="testcases.testMainPage" tests="1" failures="0" timestamp="2021-06-05T22:58:28 UTC" time="11.646" errors="0">
  <testcase name="test_search_Page_User_Correct" time="11.646" classname="testcases.testMainPage"/>
  <system-out/>
</testsuite> <!-- testcases.testMainPage -->
