<?xml version="1.0" encoding="UTF-8"?>
<!-- Generated by org.testng.reporters.JUnitReportReporter -->
<testsuite skipped="0" hostname="ip-172-31-38-191" name="testcases.testLogin" tests="2" failures="0" timestamp="2021-05-31T16:56:29 UTC" time="6.063" errors="0">
  <testcase name="test_Home_Page_User_Correct" time="3.038" classname="testcases.testLogin"/>
  <system-out/>
  <testcase name="test_Home_Page_AdminUser_Correct" time="3.025" classname="testcases.testLogin"/>
  <system-out/>
</testsuite> <!-- testcases.testLogin -->
