<?xml version="1.0" encoding="UTF-8"?>
<!-- Generated by org.testng.reporters.JUnitReportReporter -->
<testsuite skipped="0" hostname="ip-172-31-38-191" name="testcases.testSalesPage" tests="1" failures="0" timestamp="2021-06-06T17:56:47 UTC" time="31.170" errors="0">
  <testcase name="test_sales_Page_User_Correct" time="31.170" classname="testcases.testSalesPage"/>
  <system-out/>
</testsuite> <!-- testcases.testSalesPage -->
